<?xml version="1.0" encoding="UTF-8"?>
<!-- Generated by org.testng.reporters.JUnitReportReporter -->
<testsuite hostname="Anubhavs-MacBook-Air.local" failures="0" tests="1" name="TestFolder.ChangeGeoLocation" time="3.714" errors="0" timestamp="2023-11-16T16:49:40 IST" skipped="0">
  <testcase classname="TestFolder.ChangeGeoLocation" name="LocationOverride" time="3.714"/>
  <system-out/>
</testsuite> <!-- TestFolder.ChangeGeoLocation -->
