<?xml version="1.0" encoding="UTF-8"?>
<!-- Generated by org.testng.reporters.JUnitReportReporter -->
<testsuite hostname="Anubhavs-MacBook-Air.local" failures="0" tests="1" name="TestFolder.LogNetworkActivity" time="0.496" errors="0" timestamp="2023-11-16T18:23:05 IST" skipped="0">
  <testcase classname="TestFolder.LogNetworkActivity" name="LoggingTest" time="0.496"/>
  <system-out/>
</testsuite> <!-- TestFolder.LogNetworkActivity -->
