<?xml version="1.0" encoding="UTF-8"?>
<!-- Generated by org.testng.reporters.JUnitReportReporter -->
<testsuite hostname="Anubhavs-MacBook-Air.local" failures="0" tests="1" name="TestFolder.FailedNetworkReq" time="0.499" errors="0" timestamp="2023-11-16T18:41:12 IST" skipped="0">
  <testcase classname="TestFolder.FailedNetworkReq" name="FailingReq" time="0.499"/>
  <system-out/>
</testsuite> <!-- TestFolder.FailedNetworkReq -->
