<?xml version="1.0" encoding="UTF-8"?>
<!-- Generated by org.testng.reporters.JUnitReportReporter -->
<testsuite hostname="Anubhavs-MacBook-Air.local" failures="0" tests="1" name="TestFolder.LogErrors" time="0.685" errors="0" timestamp="2023-11-17T00:38:05 IST" skipped="0">
  <testcase classname="TestFolder.LogErrors" name="errorLogging" time="0.685"/>
  <system-out/>
</testsuite> <!-- TestFolder.LogErrors -->
