<?xml version="1.0" encoding="UTF-8"?>
<!-- Generated by org.testng.reporters.JUnitReportReporter -->
<testsuite hostname="Anubhavs-MacBook-Air.local" failures="0" tests="1" name="TestFolder.EmulateNetworkSpeed" time="9.349" errors="0" timestamp="2023-11-16T23:38:59 IST" skipped="0">
  <testcase classname="TestFolder.EmulateNetworkSpeed" name="Emulate" time="9.349"/>
  <system-out/>
</testsuite> <!-- TestFolder.EmulateNetworkSpeed -->
