<?xml version="1.0" encoding="UTF-8"?>
<!-- Generated by org.testng.reporters.JUnitReportReporter -->
<testsuite hostname="Anubhavs-MacBook-Air.local" failures="0" tests="1" name="TestFolder.BlockedNetworkRequest" time="0.933" errors="0" timestamp="2023-11-17T00:33:43 IST" skipped="0">
  <testcase classname="TestFolder.BlockedNetworkRequest" name="BlockingNetworkReqTest" time="0.933"/>
  <system-out/>
</testsuite> <!-- TestFolder.BlockedNetworkRequest -->
