<?xml version="1.0" encoding="UTF-8"?>
<!-- Generated by org.testng.reporters.JUnitReportReporter -->
<testsuite hostname="Anubhavs-MacBook-Air.local" failures="0" tests="1" name="TestFolder.MockNetworkReq" time="0.557" errors="0" timestamp="2023-11-16T18:21:29 IST" skipped="0">
  <testcase classname="TestFolder.MockNetworkReq" name="RequestMocking" time="0.557"/>
  <system-out/>
</testsuite> <!-- TestFolder.MockNetworkReq -->
