<?xml version="1.0" encoding="UTF-8"?>
<!-- Generated by org.testng.reporters.JUnitReportReporter -->
<testsuite hostname="Anubhavs-MacBook-Air.local" failures="0" tests="1" name="TestFolder.HandleBasicAuth" time="1.225" errors="0" timestamp="2023-11-16T23:57:53 IST" skipped="0">
  <testcase classname="TestFolder.HandleBasicAuth" name="handleAuth" time="1.225"/>
  <system-out/>
</testsuite> <!-- TestFolder.HandleBasicAuth -->
